<?xml version="1.0" encoding="UTF-8"?>
<coverage generated="1538860249753" clover="3.2.0">
  <project timestamp="1538860249754" name="All files">
    <metrics statements="73" coveredstatements="34" conditionals="43" coveredconditionals="20" methods="30" coveredmethods="10" elements="146" coveredelements="64" complexity="0" loc="73" ncloc="73" packages="1" files="1" classes="1">
      <file name="pub-sub-es6.js" path="/home/masx/Developer/javascript/npm/pub-sub-es6/src/pub-sub-es6.js">
        <metrics statements="73" coveredstatements="34" conditionals="43" coveredconditionals="20" methods="30" coveredmethods="10"/>
        <line num="10" count="1" type="stmt"/>
        <line num="11" count="1" type="cond" truecount="1" falsecount="1"/>
        <line num="12" count="1" type="cond" truecount="2" falsecount="0"/>
        <line num="14" count="0" type="stmt"/>
        <line num="19" count="1" type="stmt"/>
        <line num="23" count="2" type="cond" truecount="1" falsecount="1"/>
        <line num="24" count="2" type="stmt"/>
        <line num="25" count="2" type="cond" truecount="2" falsecount="0"/>
        <line num="26" count="1" type="stmt"/>
        <line num="27" count="1" type="stmt"/>
        <line num="29" count="2" type="stmt"/>
        <line num="30" count="2" type="stmt"/>
        <line num="31" count="2" type="stmt"/>
        <line num="32" count="2" type="stmt"/>
        <line num="36" count="2" type="stmt"/>
        <line num="37" count="2" type="stmt"/>
        <line num="38" count="2" type="cond" truecount="4" falsecount="0"/>
        <line num="39" count="1" type="stmt"/>
        <line num="41" count="1" type="stmt"/>
        <line num="42" count="2" type="stmt"/>
        <line num="44" count="1" type="stmt"/>
        <line num="46" count="2" type="stmt"/>
        <line num="48" count="1" type="stmt"/>
        <line num="52" count="0" type="cond" truecount="0" falsecount="2"/>
        <line num="53" count="0" type="cond" truecount="0" falsecount="2"/>
        <line num="54" count="0" type="stmt"/>
        <line num="55" count="0" type="stmt"/>
        <line num="56" count="0" type="cond" truecount="0" falsecount="2"/>
        <line num="57" count="0" type="stmt"/>
        <line num="62" count="0" type="stmt"/>
        <line num="63" count="0" type="stmt"/>
        <line num="64" count="0" type="stmt"/>
        <line num="65" count="0" type="stmt"/>
        <line num="67" count="0" type="stmt"/>
        <line num="68" count="0" type="stmt"/>
        <line num="69" count="0" type="cond" truecount="0" falsecount="2"/>
        <line num="70" count="0" type="stmt"/>
        <line num="71" count="0" type="stmt"/>
        <line num="72" count="0" type="cond" truecount="0" falsecount="2"/>
        <line num="75" count="0" type="stmt"/>
        <line num="76" count="0" type="cond" truecount="0" falsecount="2"/>
        <line num="77" count="0" type="cond" truecount="0" falsecount="2"/>
        <line num="80" count="0" type="stmt"/>
        <line num="86" count="0" type="stmt"/>
        <line num="87" count="0" type="cond" truecount="0" falsecount="2"/>
        <line num="88" count="0" type="stmt"/>
        <line num="93" count="0" type="stmt"/>
        <line num="94" count="0" type="stmt"/>
        <line num="98" count="4" type="stmt"/>
        <line num="100" count="0" type="stmt"/>
        <line num="102" count="0" type="stmt"/>
        <line num="104" count="0" type="stmt"/>
        <line num="118" count="4" type="cond" truecount="1" falsecount="1"/>
        <line num="119" count="4" type="cond" truecount="4" falsecount="0"/>
        <line num="120" count="1" type="stmt"/>
        <line num="121" count="3" type="cond" truecount="2" falsecount="0"/>
        <line num="122" count="1" type="stmt"/>
        <line num="128" count="7" type="cond" truecount="2" falsecount="0"/>
        <line num="129" count="3" type="cond" truecount="1" falsecount="1"/>
        <line num="130" count="0" type="stmt"/>
        <line num="131" count="0" type="stmt"/>
        <line num="132" count="0" type="cond" truecount="0" falsecount="2"/>
        <line num="134" count="3" type="stmt"/>
        <line num="138" count="0" type="stmt"/>
        <line num="139" count="0" type="stmt"/>
        <line num="140" count="0" type="stmt"/>
        <line num="145" count="0" type="stmt"/>
        <line num="146" count="0" type="stmt"/>
        <line num="149" count="0" type="stmt"/>
        <line num="151" count="0" type="cond" truecount="0" falsecount="1"/>
        <line num="155" count="1" type="stmt"/>
        <line num="156" count="1" type="stmt"/>
        <line num="158" count="1" type="stmt"/>
      </file>
    </metrics>
  </project>
</coverage>
