{"/home/masx/Developer/javascript/npm/pub-sub-es6/src/pub-sub-es6.js": {"path":"/home/masx/Developer/javascript/npm/pub-sub-es6/src/pub-sub-es6.js","statementMap":{"0":{"start":{"line":10,"column":26},"end":{"line":15,"column":1}},"1":{"start":{"line":11,"column":2},"end":{"line":13,"column":3}},"2":{"start":{"line":12,"column":4},"end":{"line":12,"column":65}},"3":{"start":{"line":14,"column":2},"end":{"line":14,"column":13}},"4":{"start":{"line":19,"column":4},"end":{"line":19,"column":21}},"5":{"start":{"line":23,"column":14},"end":{"line":23,"column":40}},"6":{"start":{"line":24,"column":17},"end":{"line":24,"column":38}},"7":{"start":{"line":25,"column":4},"end":{"line":28,"column":5}},"8":{"start":{"line":26,"column":6},"end":{"line":26,"column":54}},"9":{"start":{"line":27,"column":6},"end":{"line":27,"column":31}},"10":{"start":{"line":29,"column":20},"end":{"line":29,"column":28}},"11":{"start":{"line":30,"column":4},"end":{"line":30,"column":52}},"12":{"start":{"line":31,"column":4},"end":{"line":31,"column":103}},"13":{"start":{"line":32,"column":4},"end":{"line":32,"column":14}},"14":{"start":{"line":36,"column":21},"end":{"line":36,"column":61}},"15":{"start":{"line":37,"column":17},"end":{"line":37,"column":38}},"16":{"start":{"line":38,"column":4},"end":{"line":40,"column":5}},"17":{"start":{"line":39,"column":6},"end":{"line":39,"column":144}},"18":{"start":{"line":41,"column":4},"end":{"line":43,"column":6}},"19":{"start":{"line":42,"column":6},"end":{"line":42,"column":31}},"20":{"start":{"line":44,"column":4},"end":{"line":47,"column":6}},"21":{"start":{"line":46,"column":46},"end":{"line":46,"column":56}},"22":{"start":{"line":48,"column":4},"end":{"line":48,"column":15}},"23":{"start":{"line":52,"column":4},"end":{"line":52,"column":95}},"24":{"start":{"line":52,"column":21},"end":{"line":52,"column":95}},"25":{"start":{"line":53,"column":16},"end":{"line":53,"column":62}},"26":{"start":{"line":54,"column":17},"end":{"line":54,"column":38}},"27":{"start":{"line":55,"column":4},"end":{"line":55,"column":94}},"28":{"start":{"line":55,"column":66},"end":{"line":55,"column":93}},"29":{"start":{"line":56,"column":21},"end":{"line":56,"column":64}},"30":{"start":{"line":57,"column":4},"end":{"line":57,"column":104}},"31":{"start":{"line":62,"column":30},"end":{"line":62,"column":52}},"32":{"start":{"line":63,"column":4},"end":{"line":81,"column":5}},"33":{"start":{"line":64,"column":39},"end":{"line":64,"column":63}},"34":{"start":{"line":65,"column":39},"end":{"line":65,"column":66}},"35":{"start":{"line":67,"column":6},"end":{"line":73,"column":7}},"36":{"start":{"line":68,"column":20},"end":{"line":68,"column":49}},"37":{"start":{"line":69,"column":8},"end":{"line":69,"column":46}},"38":{"start":{"line":69,"column":28},"end":{"line":69,"column":46}},"39":{"start":{"line":70,"column":8},"end":{"line":70,"column":31}},"40":{"start":{"line":71,"column":8},"end":{"line":71,"column":55}},"41":{"start":{"line":72,"column":8},"end":{"line":72,"column":73}},"42":{"start":{"line":72,"column":37},"end":{"line":72,"column":73}},"43":{"start":{"line":75,"column":6},"end":{"line":78,"column":7}},"44":{"start":{"line":76,"column":8},"end":{"line":76,"column":79}},"45":{"start":{"line":76,"column":50},"end":{"line":76,"column":78}},"46":{"start":{"line":77,"column":8},"end":{"line":77,"column":78}},"47":{"start":{"line":77,"column":39},"end":{"line":77,"column":78}},"48":{"start":{"line":80,"column":6},"end":{"line":80,"column":29}},"49":{"start":{"line":86,"column":4},"end":{"line":89,"column":7}},"50":{"start":{"line":87,"column":14},"end":{"line":87,"column":36}},"51":{"start":{"line":87,"column":42},"end":{"line":87,"column":72}},"52":{"start":{"line":88,"column":6},"end":{"line":88,"column":27}},"53":{"start":{"line":93,"column":24},"end":{"line":93,"column":47}},"54":{"start":{"line":94,"column":4},"end":{"line":94,"column":52}},"55":{"start":{"line":98,"column":23},"end":{"line":98,"column":77}},"56":{"start":{"line":98,"column":51},"end":{"line":98,"column":76}},"57":{"start":{"line":100,"column":36},"end":{"line":100,"column":71}},"58":{"start":{"line":102,"column":28},"end":{"line":102,"column":45}},"59":{"start":{"line":104,"column":21},"end":{"line":104,"column":38}},"60":{"start":{"line":118,"column":4},"end":{"line":124,"column":5}},"61":{"start":{"line":119,"column":6},"end":{"line":123,"column":7}},"62":{"start":{"line":120,"column":8},"end":{"line":120,"column":35}},"63":{"start":{"line":121,"column":13},"end":{"line":123,"column":7}},"64":{"start":{"line":122,"column":8},"end":{"line":122,"column":35}},"65":{"start":{"line":128,"column":4},"end":{"line":128,"column":50}},"66":{"start":{"line":128,"column":36},"end":{"line":128,"column":48}},"67":{"start":{"line":129,"column":4},"end":{"line":133,"column":5}},"68":{"start":{"line":130,"column":29},"end":{"line":130,"column":58}},"69":{"start":{"line":131,"column":25},"end":{"line":131,"column":34}},"70":{"start":{"line":132,"column":6},"end":{"line":132,"column":63}},"71":{"start":{"line":134,"column":4},"end":{"line":134,"column":15}},"72":{"start":{"line":138,"column":4},"end":{"line":141,"column":6}},"73":{"start":{"line":139,"column":34},"end":{"line":139,"column":144}},"74":{"start":{"line":139,"column":85},"end":{"line":139,"column":143}},"75":{"start":{"line":140,"column":6},"end":{"line":140,"column":113}},"76":{"start":{"line":145,"column":32},"end":{"line":145,"column":141}},"77":{"start":{"line":145,"column":82},"end":{"line":145,"column":140}},"78":{"start":{"line":146,"column":4},"end":{"line":146,"column":110}},"79":{"start":{"line":149,"column":24},"end":{"line":149,"column":47}},"80":{"start":{"line":151,"column":34},"end":{"line":151,"column":66}},"81":{"start":{"line":155,"column":18},"end":{"line":155,"column":38}},"82":{"start":{"line":156,"column":0},"end":{"line":156,"column":28}},"83":{"start":{"line":158,"column":47},"end":{"line":158,"column":56}}},"fnMap":{"0":{"name":"(anonymous_0)","decl":{"start":{"line":10,"column":26},"end":{"line":10,"column":27}},"loc":{"start":{"line":10,"column":32},"end":{"line":15,"column":1}},"line":10},"1":{"name":"(anonymous_1)","decl":{"start":{"line":18,"column":2},"end":{"line":18,"column":3}},"loc":{"start":{"line":18,"column":16},"end":{"line":20,"column":3}},"line":18},"2":{"name":"(anonymous_2)","decl":{"start":{"line":22,"column":12},"end":{"line":22,"column":13}},"loc":{"start":{"line":22,"column":38},"end":{"line":33,"column":3}},"line":22},"3":{"name":"(anonymous_3)","decl":{"start":{"line":35,"column":13},"end":{"line":35,"column":14}},"loc":{"start":{"line":35,"column":26},"end":{"line":49,"column":3}},"line":35},"4":{"name":"(anonymous_4)","decl":{"start":{"line":41,"column":33},"end":{"line":41,"column":34}},"loc":{"start":{"line":41,"column":44},"end":{"line":43,"column":5}},"line":41},"5":{"name":"(anonymous_5)","decl":{"start":{"line":46,"column":29},"end":{"line":46,"column":30}},"loc":{"start":{"line":46,"column":46},"end":{"line":46,"column":56}},"line":46},"6":{"name":"(anonymous_6)","decl":{"start":{"line":51,"column":16},"end":{"line":51,"column":17}},"loc":{"start":{"line":51,"column":44},"end":{"line":58,"column":3}},"line":51},"7":{"name":"(anonymous_7)","decl":{"start":{"line":55,"column":55},"end":{"line":55,"column":56}},"loc":{"start":{"line":55,"column":66},"end":{"line":55,"column":93}},"line":55},"8":{"name":"(anonymous_8)","decl":{"start":{"line":61,"column":7},"end":{"line":61,"column":8}},"loc":{"start":{"line":61,"column":21},"end":{"line":82,"column":3}},"line":61},"9":{"name":"on","decl":{"start":{"line":63,"column":20},"end":{"line":63,"column":22}},"loc":{"start":{"line":63,"column":49},"end":{"line":81,"column":5}},"line":63},"10":{"name":"(anonymous_10)","decl":{"start":{"line":67,"column":33},"end":{"line":67,"column":34}},"loc":{"start":{"line":67,"column":45},"end":{"line":73,"column":7}},"line":67},"11":{"name":"(anonymous_11)","decl":{"start":{"line":75,"column":36},"end":{"line":75,"column":37}},"loc":{"start":{"line":75,"column":48},"end":{"line":78,"column":7}},"line":75},"12":{"name":"(anonymous_12)","decl":{"start":{"line":76,"column":43},"end":{"line":76,"column":44}},"loc":{"start":{"line":76,"column":50},"end":{"line":76,"column":78}},"line":76},"13":{"name":"(anonymous_13)","decl":{"start":{"line":85,"column":17},"end":{"line":85,"column":18}},"loc":{"start":{"line":85,"column":23},"end":{"line":90,"column":3}},"line":85},"14":{"name":"(anonymous_14)","decl":{"start":{"line":86,"column":67},"end":{"line":86,"column":68}},"loc":{"start":{"line":86,"column":80},"end":{"line":89,"column":5}},"line":86},"15":{"name":"(anonymous_15)","decl":{"start":{"line":92,"column":22},"end":{"line":92,"column":23}},"loc":{"start":{"line":92,"column":38},"end":{"line":95,"column":3}},"line":92},"16":{"name":"(anonymous_16)","decl":{"start":{"line":98,"column":9},"end":{"line":98,"column":10}},"loc":{"start":{"line":98,"column":23},"end":{"line":98,"column":77}},"line":98},"17":{"name":"(anonymous_17)","decl":{"start":{"line":98,"column":41},"end":{"line":98,"column":42}},"loc":{"start":{"line":98,"column":51},"end":{"line":98,"column":76}},"line":98},"18":{"name":"(anonymous_18)","decl":{"start":{"line":100,"column":22},"end":{"line":100,"column":23}},"loc":{"start":{"line":100,"column":36},"end":{"line":100,"column":71}},"line":100},"19":{"name":"(anonymous_19)","decl":{"start":{"line":102,"column":22},"end":{"line":102,"column":23}},"loc":{"start":{"line":102,"column":28},"end":{"line":102,"column":45}},"line":102},"20":{"name":"(anonymous_20)","decl":{"start":{"line":104,"column":15},"end":{"line":104,"column":16}},"loc":{"start":{"line":104,"column":21},"end":{"line":104,"column":38}},"line":104},"21":{"name":"(anonymous_21)","decl":{"start":{"line":117,"column":20},"end":{"line":117,"column":21}},"loc":{"start":{"line":117,"column":45},"end":{"line":125,"column":3}},"line":117},"22":{"name":"(anonymous_22)","decl":{"start":{"line":127,"column":14},"end":{"line":127,"column":15}},"loc":{"start":{"line":127,"column":39},"end":{"line":135,"column":3}},"line":127},"23":{"name":"(anonymous_23)","decl":{"start":{"line":137,"column":11},"end":{"line":137,"column":12}},"loc":{"start":{"line":137,"column":17},"end":{"line":142,"column":3}},"line":137},"24":{"name":"(anonymous_24)","decl":{"start":{"line":138,"column":26},"end":{"line":138,"column":27}},"loc":{"start":{"line":138,"column":36},"end":{"line":141,"column":5}},"line":138},"25":{"name":"(anonymous_25)","decl":{"start":{"line":139,"column":74},"end":{"line":139,"column":75}},"loc":{"start":{"line":139,"column":85},"end":{"line":139,"column":143}},"line":139},"26":{"name":"(anonymous_26)","decl":{"start":{"line":144,"column":20},"end":{"line":144,"column":21}},"loc":{"start":{"line":144,"column":34},"end":{"line":147,"column":3}},"line":144},"27":{"name":"(anonymous_27)","decl":{"start":{"line":145,"column":71},"end":{"line":145,"column":72}},"loc":{"start":{"line":145,"column":82},"end":{"line":145,"column":140}},"line":145},"28":{"name":"(anonymous_28)","decl":{"start":{"line":149,"column":13},"end":{"line":149,"column":14}},"loc":{"start":{"line":149,"column":24},"end":{"line":149,"column":47}},"line":149},"29":{"name":"(anonymous_29)","decl":{"start":{"line":151,"column":17},"end":{"line":151,"column":18}},"loc":{"start":{"line":151,"column":34},"end":{"line":151,"column":66}},"line":151}},"branchMap":{"0":{"loc":{"start":{"line":11,"column":2},"end":{"line":13,"column":3}},"type":"if","locations":[{"start":{"line":11,"column":2},"end":{"line":13,"column":3}},{"start":{"line":11,"column":2},"end":{"line":13,"column":3}}],"line":11},"1":{"loc":{"start":{"line":12,"column":12},"end":{"line":12,"column":64}},"type":"binary-expr","locations":[{"start":{"line":12,"column":12},"end":{"line":12,"column":23}},{"start":{"line":12,"column":27},"end":{"line":12,"column":64}}],"line":12},"2":{"loc":{"start":{"line":23,"column":14},"end":{"line":23,"column":40}},"type":"binary-expr","locations":[{"start":{"line":23,"column":14},"end":{"line":23,"column":17}},{"start":{"line":23,"column":21},"end":{"line":23,"column":40}}],"line":23},"3":{"loc":{"start":{"line":25,"column":4},"end":{"line":28,"column":5}},"type":"if","locations":[{"start":{"line":25,"column":4},"end":{"line":28,"column":5}},{"start":{"line":25,"column":4},"end":{"line":28,"column":5}}],"line":25},"4":{"loc":{"start":{"line":38,"column":4},"end":{"line":40,"column":5}},"type":"if","locations":[{"start":{"line":38,"column":4},"end":{"line":40,"column":5}},{"start":{"line":38,"column":4},"end":{"line":40,"column":5}}],"line":38},"5":{"loc":{"start":{"line":38,"column":8},"end":{"line":38,"column":51}},"type":"binary-expr","locations":[{"start":{"line":38,"column":8},"end":{"line":38,"column":15}},{"start":{"line":38,"column":19},"end":{"line":38,"column":51}}],"line":38},"6":{"loc":{"start":{"line":52,"column":4},"end":{"line":52,"column":95}},"type":"if","locations":[{"start":{"line":52,"column":4},"end":{"line":52,"column":95}},{"start":{"line":52,"column":4},"end":{"line":52,"column":95}}],"line":52},"7":{"loc":{"start":{"line":53,"column":16},"end":{"line":53,"column":62}},"type":"cond-expr","locations":[{"start":{"line":53,"column":49},"end":{"line":53,"column":54}},{"start":{"line":53,"column":57},"end":{"line":53,"column":62}}],"line":53},"8":{"loc":{"start":{"line":56,"column":21},"end":{"line":56,"column":64}},"type":"cond-expr","locations":[{"start":{"line":56,"column":36},"end":{"line":56,"column":51}},{"start":{"line":56,"column":54},"end":{"line":56,"column":64}}],"line":56},"9":{"loc":{"start":{"line":69,"column":8},"end":{"line":69,"column":46}},"type":"if","locations":[{"start":{"line":69,"column":8},"end":{"line":69,"column":46}},{"start":{"line":69,"column":8},"end":{"line":69,"column":46}}],"line":69},"10":{"loc":{"start":{"line":72,"column":8},"end":{"line":72,"column":73}},"type":"if","locations":[{"start":{"line":72,"column":8},"end":{"line":72,"column":73}},{"start":{"line":72,"column":8},"end":{"line":72,"column":73}}],"line":72},"11":{"loc":{"start":{"line":76,"column":8},"end":{"line":76,"column":79}},"type":"binary-expr","locations":[{"start":{"line":76,"column":8},"end":{"line":76,"column":21}},{"start":{"line":76,"column":25},"end":{"line":76,"column":79}}],"line":76},"12":{"loc":{"start":{"line":77,"column":8},"end":{"line":77,"column":78}},"type":"if","locations":[{"start":{"line":77,"column":8},"end":{"line":77,"column":78}},{"start":{"line":77,"column":8},"end":{"line":77,"column":78}}],"line":77},"13":{"loc":{"start":{"line":87,"column":42},"end":{"line":87,"column":72}},"type":"cond-expr","locations":[{"start":{"line":87,"column":53},"end":{"line":87,"column":54}},{"start":{"line":87,"column":58},"end":{"line":87,"column":71}}],"line":87},"14":{"loc":{"start":{"line":118,"column":4},"end":{"line":124,"column":5}},"type":"if","locations":[{"start":{"line":118,"column":4},"end":{"line":124,"column":5}},{"start":{"line":118,"column":4},"end":{"line":124,"column":5}}],"line":118},"15":{"loc":{"start":{"line":119,"column":6},"end":{"line":123,"column":7}},"type":"if","locations":[{"start":{"line":119,"column":6},"end":{"line":123,"column":7}},{"start":{"line":119,"column":6},"end":{"line":123,"column":7}}],"line":119},"16":{"loc":{"start":{"line":119,"column":10},"end":{"line":119,"column":79}},"type":"binary-expr","locations":[{"start":{"line":119,"column":10},"end":{"line":119,"column":45}},{"start":{"line":119,"column":49},"end":{"line":119,"column":79}}],"line":119},"17":{"loc":{"start":{"line":121,"column":13},"end":{"line":123,"column":7}},"type":"if","locations":[{"start":{"line":121,"column":13},"end":{"line":123,"column":7}},{"start":{"line":121,"column":13},"end":{"line":123,"column":7}}],"line":121},"18":{"loc":{"start":{"line":128,"column":4},"end":{"line":128,"column":50}},"type":"if","locations":[{"start":{"line":128,"column":4},"end":{"line":128,"column":50}},{"start":{"line":128,"column":4},"end":{"line":128,"column":50}}],"line":128},"19":{"loc":{"start":{"line":129,"column":4},"end":{"line":133,"column":5}},"type":"if","locations":[{"start":{"line":129,"column":4},"end":{"line":133,"column":5}},{"start":{"line":129,"column":4},"end":{"line":133,"column":5}}],"line":129},"20":{"loc":{"start":{"line":132,"column":13},"end":{"line":132,"column":63}},"type":"cond-expr","locations":[{"start":{"line":132,"column":51},"end":{"line":132,"column":56}},{"start":{"line":132,"column":59},"end":{"line":132,"column":63}}],"line":132},"21":{"loc":{"start":{"line":151,"column":18},"end":{"line":151,"column":29}},"type":"default-arg","locations":[{"start":{"line":151,"column":27},"end":{"line":151,"column":29}}],"line":151}},"s":{"0":1,"1":1,"2":1,"3":0,"4":1,"5":2,"6":2,"7":2,"8":1,"9":1,"10":2,"11":2,"12":2,"13":2,"14":2,"15":2,"16":2,"17":1,"18":1,"19":2,"20":1,"21":2,"22":1,"23":0,"24":0,"25":0,"26":0,"27":0,"28":0,"29":0,"30":0,"31":0,"32":0,"33":0,"34":0,"35":0,"36":0,"37":0,"38":0,"39":0,"40":0,"41":0,"42":0,"43":0,"44":0,"45":0,"46":0,"47":0,"48":0,"49":0,"50":0,"51":0,"52":0,"53":0,"54":0,"55":4,"56":3,"57":0,"58":0,"59":0,"60":4,"61":4,"62":1,"63":3,"64":1,"65":7,"66":4,"67":3,"68":0,"69":0,"70":0,"71":3,"72":0,"73":0,"74":0,"75":0,"76":0,"77":0,"78":0,"79":0,"80":0,"81":1,"82":1,"83":1},"f":{"0":1,"1":1,"2":2,"3":2,"4":2,"5":2,"6":0,"7":0,"8":0,"9":0,"10":0,"11":0,"12":0,"13":0,"14":0,"15":0,"16":4,"17":3,"18":0,"19":0,"20":0,"21":4,"22":7,"23":0,"24":0,"25":0,"26":0,"27":0,"28":0,"29":0},"b":{"0":[1,0],"1":[1,1],"2":[2,0],"3":[1,1],"4":[1,1],"5":[2,1],"6":[0,0],"7":[0,0],"8":[0,0],"9":[0,0],"10":[0,0],"11":[0,0],"12":[0,0],"13":[0,0],"14":[4,0],"15":[1,3],"16":[4,2],"17":[1,2],"18":[4,3],"19":[0,3],"20":[0,0],"21":[0]},"_coverageSchema":"332fd63041d2c1bcb487cc26dd0d5f7d97098a6c","hash":"272e8c74fddde77b07614b92cbe959ffa18f2aa2"}
}
