TN:
SF:/home/masx/Developer/javascript/npm/pub-sub-es6/src/pub-sub-es6.js
FN:10,(anonymous_0)
FN:18,(anonymous_1)
FN:22,(anonymous_2)
FN:35,(anonymous_3)
FN:41,(anonymous_4)
FN:46,(anonymous_5)
FN:51,(anonymous_6)
FN:55,(anonymous_7)
FN:62,(anonymous_8)
FN:64,on
FN:68,(anonymous_10)
FN:76,(anonymous_11)
FN:77,(anonymous_12)
FN:86,(anonymous_13)
FN:87,(anonymous_14)
FN:93,(anonymous_15)
FN:99,(anonymous_16)
FN:99,(anonymous_17)
FN:101,(anonymous_18)
FN:103,(anonymous_19)
FN:105,(anonymous_20)
FN:118,(anonymous_21)
FN:128,(anonymous_22)
FN:138,(anonymous_23)
FN:139,(anonymous_24)
FN:140,(anonymous_25)
FN:145,(anonymous_26)
FN:146,(anonymous_27)
FN:150,(anonymous_28)
FN:152,(anonymous_29)
FNF:30
FNH:13
FNDA:1,(anonymous_0)
FNDA:1,(anonymous_1)
FNDA:3,(anonymous_2)
FNDA:2,(anonymous_3)
FNDA:2,(anonymous_4)
FNDA:2,(anonymous_5)
FNDA:1,(anonymous_6)
FNDA:1,(anonymous_7)
FNDA:0,(anonymous_8)
FNDA:0,on
FNDA:0,(anonymous_10)
FNDA:0,(anonymous_11)
FNDA:0,(anonymous_12)
FNDA:0,(anonymous_13)
FNDA:0,(anonymous_14)
FNDA:0,(anonymous_15)
FNDA:9,(anonymous_16)
FNDA:11,(anonymous_17)
FNDA:3,(anonymous_18)
FNDA:0,(anonymous_19)
FNDA:0,(anonymous_20)
FNDA:6,(anonymous_21)
FNDA:12,(anonymous_22)
FNDA:0,(anonymous_23)
FNDA:0,(anonymous_24)
FNDA:0,(anonymous_25)
FNDA:0,(anonymous_26)
FNDA:0,(anonymous_27)
FNDA:0,(anonymous_28)
FNDA:0,(anonymous_29)
DA:10,1
DA:11,1
DA:12,1
DA:14,0
DA:19,1
DA:23,3
DA:24,3
DA:25,3
DA:26,2
DA:27,2
DA:29,3
DA:30,3
DA:31,3
DA:32,3
DA:36,2
DA:37,2
DA:38,2
DA:39,1
DA:41,1
DA:42,2
DA:44,1
DA:46,2
DA:48,1
DA:52,1
DA:53,1
DA:54,1
DA:55,1
DA:56,1
DA:57,1
DA:58,1
DA:63,0
DA:64,0
DA:65,0
DA:66,0
DA:68,0
DA:69,0
DA:70,0
DA:71,0
DA:72,0
DA:73,0
DA:76,0
DA:77,0
DA:78,0
DA:81,0
DA:87,0
DA:88,0
DA:89,0
DA:94,0
DA:95,0
DA:99,11
DA:101,3
DA:103,0
DA:105,0
DA:119,6
DA:120,6
DA:121,0
DA:122,6
DA:123,0
DA:129,12
DA:130,0
DA:131,0
DA:132,0
DA:133,0
DA:135,0
DA:139,0
DA:140,0
DA:141,0
DA:146,0
DA:147,0
DA:150,0
DA:152,0
DA:156,1
DA:157,1
DA:159,1
LF:74
LH:38
BRDA:11,0,0,1
BRDA:11,0,1,0
BRDA:12,1,0,1
BRDA:12,1,1,1
BRDA:23,2,0,3
BRDA:23,2,1,0
BRDA:25,3,0,2
BRDA:25,3,1,1
BRDA:38,4,0,1
BRDA:38,4,1,1
BRDA:38,5,0,2
BRDA:38,5,1,1
BRDA:52,6,0,0
BRDA:52,6,1,1
BRDA:53,7,0,1
BRDA:53,7,1,0
BRDA:56,8,0,0
BRDA:56,8,1,1
BRDA:70,9,0,0
BRDA:70,9,1,0
BRDA:73,10,0,0
BRDA:73,10,1,0
BRDA:77,11,0,0
BRDA:77,11,1,0
BRDA:78,12,0,0
BRDA:78,12,1,0
BRDA:88,13,0,0
BRDA:88,13,1,0
BRDA:119,14,0,6
BRDA:119,14,1,0
BRDA:120,15,0,0
BRDA:120,15,1,6
BRDA:120,16,0,6
BRDA:120,16,1,0
BRDA:122,17,0,0
BRDA:122,17,1,6
BRDA:129,18,0,12
BRDA:129,18,1,0
BRDA:130,19,0,0
BRDA:130,19,1,0
BRDA:133,20,0,0
BRDA:133,20,1,0
BRDA:152,21,0,0
BRF:43
BRH:18
end_of_record
