TN:
SF:/home/masx/Developer/javascript/npm/pub-sub-es6/testSetup.js
FNF:0
FNH:0
DA:1,2
LF:1
LH:1
BRF:0
BRH:0
end_of_record
TN:
SF:/home/masx/Developer/javascript/npm/pub-sub-es6/src/pub-sub-es6.js
FN:10,(anonymous_0)
FN:18,(anonymous_1)
FN:22,(anonymous_2)
FN:35,(anonymous_3)
FN:41,(anonymous_4)
FN:46,(anonymous_5)
FN:51,(anonymous_6)
FN:55,(anonymous_7)
FN:62,(anonymous_8)
FN:64,on
FN:68,(anonymous_10)
FN:76,(anonymous_11)
FN:77,(anonymous_12)
FN:86,(anonymous_13)
FN:87,(anonymous_14)
FN:93,(anonymous_15)
FN:99,(anonymous_16)
FN:99,(anonymous_17)
FN:101,(anonymous_18)
FN:103,(anonymous_19)
FN:105,(anonymous_20)
FN:118,(anonymous_21)
FN:128,(anonymous_22)
FN:138,(anonymous_23)
FN:139,(anonymous_24)
FN:140,(anonymous_25)
FN:146,(anonymous_26)
FN:147,(anonymous_27)
FN:151,(anonymous_28)
FN:153,(anonymous_29)
FNF:30
FNH:28
FNDA:2,(anonymous_0)
FNDA:2,(anonymous_1)
FNDA:4,(anonymous_2)
FNDA:2,(anonymous_3)
FNDA:2,(anonymous_4)
FNDA:2,(anonymous_5)
FNDA:2,(anonymous_6)
FNDA:2,(anonymous_7)
FNDA:1,(anonymous_8)
FNDA:1,on
FNDA:1,(anonymous_10)
FNDA:1,(anonymous_11)
FNDA:1,(anonymous_12)
FNDA:1,(anonymous_13)
FNDA:31,(anonymous_14)
FNDA:1,(anonymous_15)
FNDA:19,(anonymous_16)
FNDA:25,(anonymous_17)
FNDA:6,(anonymous_18)
FNDA:0,(anonymous_19)
FNDA:1,(anonymous_20)
FNDA:8,(anonymous_21)
FNDA:16,(anonymous_22)
FNDA:1,(anonymous_23)
FNDA:2,(anonymous_24)
FNDA:2,(anonymous_25)
FNDA:1,(anonymous_26)
FNDA:0,(anonymous_27)
FNDA:2,(anonymous_28)
FNDA:2,(anonymous_29)
DA:10,2
DA:11,2
DA:12,2
DA:14,0
DA:19,2
DA:23,4
DA:24,4
DA:25,4
DA:26,3
DA:27,3
DA:29,4
DA:30,4
DA:31,4
DA:32,4
DA:36,2
DA:37,2
DA:38,2
DA:39,1
DA:41,1
DA:42,2
DA:44,1
DA:46,2
DA:48,1
DA:52,2
DA:53,2
DA:54,2
DA:55,2
DA:56,2
DA:57,2
DA:58,2
DA:63,1
DA:64,1
DA:65,1
DA:66,1
DA:68,1
DA:69,1
DA:70,1
DA:71,1
DA:72,1
DA:73,1
DA:76,1
DA:77,1
DA:78,1
DA:81,1
DA:87,1
DA:88,31
DA:89,31
DA:94,1
DA:95,1
DA:99,25
DA:101,6
DA:103,0
DA:105,1
DA:119,8
DA:120,8
DA:121,0
DA:122,8
DA:123,1
DA:129,16
DA:130,2
DA:131,2
DA:132,2
DA:133,2
DA:135,0
DA:139,1
DA:140,2
DA:141,2
DA:142,2
DA:147,1
DA:148,1
DA:151,2
DA:153,2
DA:157,2
DA:158,2
DA:160,2
LF:75
LH:71
BRDA:11,0,0,2
BRDA:11,0,1,0
BRDA:12,1,0,2
BRDA:12,1,1,2
BRDA:23,2,0,4
BRDA:23,2,1,0
BRDA:25,3,0,3
BRDA:25,3,1,1
BRDA:38,4,0,1
BRDA:38,4,1,1
BRDA:38,5,0,2
BRDA:38,5,1,1
BRDA:52,6,0,0
BRDA:52,6,1,2
BRDA:53,7,0,2
BRDA:53,7,1,0
BRDA:56,8,0,0
BRDA:56,8,1,2
BRDA:70,9,0,1
BRDA:70,9,1,0
BRDA:73,10,0,0
BRDA:73,10,1,1
BRDA:77,11,0,1
BRDA:77,11,1,1
BRDA:78,12,0,0
BRDA:78,12,1,1
BRDA:88,13,0,30
BRDA:88,13,1,1
BRDA:101,14,0,5
BRDA:101,14,1,1
BRDA:119,15,0,8
BRDA:119,15,1,0
BRDA:120,16,0,0
BRDA:120,16,1,8
BRDA:120,17,0,8
BRDA:120,17,1,1
BRDA:122,18,0,1
BRDA:122,18,1,7
BRDA:129,19,0,14
BRDA:129,19,1,2
BRDA:130,20,0,2
BRDA:130,20,1,0
BRDA:133,21,0,0
BRDA:133,21,1,2
BRDA:153,22,0,0
BRF:45
BRH:32
end_of_record
